<?xml version="1.0" encoding="UTF-8"?>
<!-- Generated by org.testng.reporters.JUnitXMLReporter -->
<testsuite hostname="Lenovo-PC" ignored="0" name="Test" tests="6" failures="0" timestamp="28 十一月 2019 15:40:10 GMT" time="120.249" errors="0">
  <testcase name="Login" time="9.226" classname="com.xiaobaozi.pageCase.LoginPageCase"/>
  <testcase name="AddCart" time="8.156" classname="com.xiaobaozi.pageCase.CartCase"/>
  <testcase name="AddCart_exist" time="6.263" classname="com.xiaobaozi.pageCase.CartCase"/>
  <testcase name="Login" time="8.933" classname="com.xiaobaozi.pageCase.OrderCase"/>
  <testcase name="BuyCourse" time="19.2" classname="com.xiaobaozi.pageCase.OrderCase"/>
  <testcase name="BuyNow_exist" time="10.679" classname="com.xiaobaozi.pageCase.OrderCase"/>
</testsuite> <!-- Test -->
