<?xml version="1.0" encoding="UTF-8"?>
<testng-results skipped="0" failed="0" ignored="0" total="6" passed="6">
  <reporter-output>
  </reporter-output>
  <suite name="Suite" duration-ms="120249" started-at="2019-11-28T15:38:09Z" finished-at="2019-11-28T15:40:10Z">
    <groups>
    </groups>
    <test name="Test" duration-ms="120249" started-at="2019-11-28T15:38:09Z" finished-at="2019-11-28T15:40:10Z">
      <class name="com.xiaobaozi.pageCase.OrderCase">
        <test-method status="PASS" signature="BeforeClass(java.lang.String)[pri:0, instance:com.xiaobaozi.pageCase.OrderCase@394e1a0f]" name="BeforeClass" is-config="true" duration-ms="13980" started-at="2019-11-28T23:39:16Z" finished-at="2019-11-28T23:39:30Z">
          <params>
            <param index="0">
              <value>
                <![CDATA[https://www.imooc.com/]]>
              </value>
            </param>
          </params>
          <reporter-output>
          </reporter-output>
        </test-method> <!-- BeforeClass -->
        <test-method status="PASS" signature="Login(java.lang.String, java.lang.String)[pri:0, instance:com.xiaobaozi.pageCase.OrderCase@394e1a0f]" name="Login" duration-ms="8933" started-at="2019-11-28T23:39:30Z" finished-at="2019-11-28T23:39:39Z">
          <params>
            <param index="0">
              <value>
                <![CDATA[979493932@qq.com]]>
              </value>
            </param>
            <param index="1">
              <value>
                <![CDATA[979493932]]>
              </value>
            </param>
          </params>
          <reporter-output>
          </reporter-output>
        </test-method> <!-- Login -->
        <test-method status="PASS" signature="BuyCourse(java.lang.String)[pri:0, instance:com.xiaobaozi.pageCase.OrderCase@394e1a0f]" name="BuyCourse" duration-ms="19200" started-at="2019-11-28T23:39:39Z" depends-on-methods="com.xiaobaozi.pageCase.OrderCase.Login" finished-at="2019-11-28T23:39:58Z">
          <params>
            <param index="0">
              <value>
                <![CDATA[https://coding.imooc.com/class/389.html]]>
              </value>
            </param>
          </params>
          <reporter-output>
          </reporter-output>
        </test-method> <!-- BuyCourse -->
        <test-method status="PASS" signature="BuyNow_exist(java.lang.String)[pri:0, instance:com.xiaobaozi.pageCase.OrderCase@394e1a0f]" name="BuyNow_exist" duration-ms="10679" started-at="2019-11-28T23:39:58Z" depends-on-methods="com.xiaobaozi.pageCase.OrderCase.BuyCourse" finished-at="2019-11-28T23:40:09Z">
          <params>
            <param index="0">
              <value>
                <![CDATA[https://coding.imooc.com/class/389.html]]>
              </value>
            </param>
          </params>
          <reporter-output>
          </reporter-output>
        </test-method> <!-- BuyNow_exist -->
        <test-method status="PASS" signature="AfterClass()[pri:0, instance:com.xiaobaozi.pageCase.OrderCase@394e1a0f]" name="AfterClass" is-config="true" duration-ms="1037" started-at="2019-11-28T23:40:09Z" finished-at="2019-11-28T23:40:10Z">
          <reporter-output>
          </reporter-output>
        </test-method> <!-- AfterClass -->
      </class> <!-- com.xiaobaozi.pageCase.OrderCase -->
      <class name="com.xiaobaozi.pageCase.LoginPageCase">
        <test-method status="PASS" signature="BeforeClass(java.lang.String)[pri:0, instance:com.xiaobaozi.pageCase.LoginPageCase@1f7030a6]" name="BeforeClass" is-config="true" duration-ms="21229" started-at="2019-11-28T23:38:09Z" finished-at="2019-11-28T23:38:31Z">
          <params>
            <param index="0">
              <value>
                <![CDATA[https://www.imooc.com/]]>
              </value>
            </param>
          </params>
          <reporter-output>
          </reporter-output>
        </test-method> <!-- BeforeClass -->
        <test-method status="PASS" signature="Login(java.lang.String, java.lang.String)[pri:0, instance:com.xiaobaozi.pageCase.LoginPageCase@1f7030a6]" name="Login" duration-ms="9226" started-at="2019-11-28T23:38:31Z" finished-at="2019-11-28T23:38:40Z">
          <params>
            <param index="0">
              <value>
                <![CDATA[979493932@qq.com]]>
              </value>
            </param>
            <param index="1">
              <value>
                <![CDATA[979493932]]>
              </value>
            </param>
          </params>
          <reporter-output>
          </reporter-output>
        </test-method> <!-- Login -->
        <test-method status="PASS" signature="AfterClass()[pri:0, instance:com.xiaobaozi.pageCase.LoginPageCase@1f7030a6]" name="AfterClass" is-config="true" duration-ms="5084" started-at="2019-11-28T23:38:40Z" finished-at="2019-11-28T23:38:45Z">
          <reporter-output>
          </reporter-output>
        </test-method> <!-- AfterClass -->
      </class> <!-- com.xiaobaozi.pageCase.LoginPageCase -->
      <class name="com.xiaobaozi.pageCase.CartCase">
        <test-method status="PASS" signature="BeforeClass(java.lang.String)[pri:0, instance:com.xiaobaozi.pageCase.CartCase@5a1c0542]" name="BeforeClass" is-config="true" duration-ms="15262" started-at="2019-11-28T23:38:45Z" finished-at="2019-11-28T23:39:00Z">
          <params>
            <param index="0">
              <value>
                <![CDATA[https://www.imooc.com/]]>
              </value>
            </param>
          </params>
          <reporter-output>
          </reporter-output>
        </test-method> <!-- BeforeClass -->
        <test-method status="PASS" signature="AddCart(java.lang.String)[pri:0, instance:com.xiaobaozi.pageCase.CartCase@5a1c0542]" name="AddCart" duration-ms="8156" started-at="2019-11-28T23:39:00Z" finished-at="2019-11-28T23:39:08Z">
          <params>
            <param index="0">
              <value>
                <![CDATA[https://coding.imooc.com/class/394.html]]>
              </value>
            </param>
          </params>
          <reporter-output>
          </reporter-output>
        </test-method> <!-- AddCart -->
        <test-method status="PASS" signature="AddCart_exist()[pri:0, instance:com.xiaobaozi.pageCase.CartCase@5a1c0542]" name="AddCart_exist" duration-ms="6263" started-at="2019-11-28T23:39:08Z" depends-on-methods="com.xiaobaozi.pageCase.CartCase.AddCart" finished-at="2019-11-28T23:39:15Z">
          <reporter-output>
          </reporter-output>
        </test-method> <!-- AddCart_exist -->
        <test-method status="PASS" signature="AfterClass()[pri:0, instance:com.xiaobaozi.pageCase.CartCase@5a1c0542]" name="AfterClass" is-config="true" duration-ms="1121" started-at="2019-11-28T23:39:15Z" finished-at="2019-11-28T23:39:16Z">
          <reporter-output>
          </reporter-output>
        </test-method> <!-- AfterClass -->
      </class> <!-- com.xiaobaozi.pageCase.CartCase -->
    </test> <!-- Test -->
  </suite> <!-- Suite -->
</testng-results>
